-------------------------------------------------------------------------------
Test set: hudson.plugins.tfs.model.ServerIntegrationTest
-------------------------------------------------------------------------------
Tests run: 1, Failures: 0, Errors: 1, Skipped: 0, Time elapsed: 180.042 sec <<< FAILURE! - in hudson.plugins.tfs.model.ServerIntegrationTest
canFindTfsSdkNativeLibraries(hudson.plugins.tfs.model.ServerIntegrationTest)  Time elapsed: 180.042 sec  <<< ERROR!
org.junit.runners.model.TestTimedOutException: test timed out after 180 seconds
	at java.net.PlainSocketImpl.socketConnect(Native Method)
	at java.net.AbstractPlainSocketImpl.doConnect(AbstractPlainSocketImpl.java:350)
	at java.net.AbstractPlainSocketImpl.connectToAddress(AbstractPlainSocketImpl.java:206)
	at java.net.AbstractPlainSocketImpl.connect(AbstractPlainSocketImpl.java:188)
	at java.net.SocksSocketImpl.connect(SocksSocketImpl.java:392)
	at java.net.Socket.connect(Socket.java:589)
	at com.microsoft.tfs.core.httpclient.protocol.DefaultProtocolSocketFactory.createSocket(DefaultProtocolSocketFactory.java:138)
	at com.microsoft.tfs.core.httpclient.HttpConnection.open(HttpConnection.java:813)
	at com.microsoft.tfs.core.httpclient.MultiThreadedHttpConnectionManager$HttpConnectionAdapter.open(MultiThreadedHttpConnectionManager.java:1463)
	at com.microsoft.tfs.core.httpclient.HttpMethodDirector.executeWithRetry(HttpMethodDirector.java:418)
	at com.microsoft.tfs.core.httpclient.HttpMethodDirector.executeMethod(HttpMethodDirector.java:182)
	at com.microsoft.tfs.core.httpclient.HttpClient.executeMethod(HttpClient.java:428)
	at com.microsoft.tfs.core.httpclient.HttpClient.executeMethod(HttpClient.java:343)
	at com.microsoft.tfs.core.ws.runtime.client.SOAPService.executeSOAPRequestInternal(SOAPService.java:545)
	at com.microsoft.tfs.core.ws.runtime.client.SOAPService.executeSOAPRequest(SOAPService.java:444)
	at ms.tfs.services.registration._03._RegistrationSoap12Service.getRegistrationEntries(_RegistrationSoap12Service.java:106)
	at com.microsoft.tfs.core.clients.registration.RegistrationData.newFromServer(RegistrationData.java:58)
	at com.microsoft.tfs.core.clients.registration.RegistrationClient.getRegistrationData(RegistrationClient.java:617)
	at com.microsoft.tfs.core.clients.registration.RegistrationClient.getRegistrationEntries(RegistrationClient.java:144)
	at com.microsoft.tfs.core.clients.registration.RegistrationClient.getRegistrationEntries(RegistrationClient.java:129)
	at com.microsoft.tfs.core.PreFrameworkServerDataProvider.findServiceLocation(PreFrameworkServerDataProvider.java:275)
	at com.microsoft.tfs.core.PreFrameworkServerDataProvider.locationForCurrentConnection(PreFrameworkServerDataProvider.java:251)
	at com.microsoft.tfs.core.TFSTeamProjectCollection.getServerDataProvider(TFSTeamProjectCollection.java:172)
	at com.microsoft.tfs.core.TFSConnection.getWebService(TFSConnection.java:896)
	at com.microsoft.tfs.core.config.client.DefaultClientFactory$7.newClient(DefaultClientFactory.java:214)
	at com.microsoft.tfs.core.config.client.DefaultClientFactory.newClient(DefaultClientFactory.java:92)
	at com.microsoft.tfs.core.TFSConnection.getClient(TFSConnection.java:1459)
	at com.microsoft.tfs.core.TFSTeamProjectCollection.getVersionControlClient(TFSTeamProjectCollection.java:376)
	at hudson.plugins.tfs.model.Server.getVersionControlClient(Server.java:218)
	at hudson.plugins.tfs.model.ServerIntegrationTest.canFindTfsSdkNativeLibraries(ServerIntegrationTest.java:25)
	at sun.reflect.NativeMethodAccessorImpl.invoke0(Native Method)
	at sun.reflect.NativeMethodAccessorImpl.invoke(NativeMethodAccessorImpl.java:62)
	at sun.reflect.DelegatingMethodAccessorImpl.invoke(DelegatingMethodAccessorImpl.java:43)
	at java.lang.reflect.Method.invoke(Method.java:498)
	at org.junit.runners.model.FrameworkMethod$1.runReflectiveCall(FrameworkMethod.java:50)
	at org.junit.internal.runners.model.ReflectiveCallable.run(ReflectiveCallable.java:12)
	at org.junit.runners.model.FrameworkMethod.invokeExplosively(FrameworkMethod.java:47)
	at org.junit.internal.runners.statements.InvokeMethod.evaluate(InvokeMethod.java:17)
	at org.junit.internal.runners.statements.ExpectException.evaluate(ExpectException.java:19)
	at org.jvnet.hudson.test.JenkinsRule$1.evaluate(JenkinsRule.java:548)
	at org.junit.internal.runners.statements.FailOnTimeout$CallableStatement.call(FailOnTimeout.java:298)
	at org.junit.internal.runners.statements.FailOnTimeout$CallableStatement.call(FailOnTimeout.java:292)
	at java.util.concurrent.FutureTask.run(FutureTask.java:266)
	at java.lang.Thread.run(Thread.java:748)

