<?xml version="1.0" encoding="UTF-8"?>
<testsuite xmlns:xsi="http://www.w3.org/2001/XMLSchema-instance" xsi:schemaLocation="https://maven.apache.org/surefire/maven-surefire-plugin/xsd/surefire-test-report.xsd" name="hudson.plugins.tfs.util.UriHelperTest" time="0.001" tests="42" errors="0" skipped="0" failures="0">
  <properties>
[...]
</properties>
  <testcase name="areSameGitRepo_tfsDifferentProtocols" classname="hudson.plugins.tfs.util.UriHelperTest" time="0"/>
  <testcase name="areSameGitRepo_withMixedCaseDefaultCollection" classname="hudson.plugins.tfs.util.UriHelperTest" time="0"/>
  <testcase name="areSame_differentFragment" classname="hudson.plugins.tfs.util.UriHelperTest" time="0"/>
  <testcase name="areSame_hostCase" classname="hudson.plugins.tfs.util.UriHelperTest" time="0"/>
  <testcase name="areSame_identity" classname="hudson.plugins.tfs.util.UriHelperTest" time="0"/>
  <testcase name="join_withSlash_pathAndQueryString" classname="hudson.plugins.tfs.util.UriHelperTest" time="0"/>
  <testcase name="join_withSlash_pathComponents" classname="hudson.plugins.tfs.util.UriHelperTest" time="0"/>
  <testcase name="areSame_endsWithSlash" classname="hudson.plugins.tfs.util.UriHelperTest" time="0"/>
  <testcase name="hasPath_path" classname="hudson.plugins.tfs.util.UriHelperTest" time="0"/>
  <testcase name="areSame_withPathQuery" classname="hudson.plugins.tfs.util.UriHelperTest" time="0"/>
  <testcase name="areSame_withPathSlash" classname="hudson.plugins.tfs.util.UriHelperTest" time="0"/>
  <testcase name="areSameGitRepo_differentRepo" classname="hudson.plugins.tfs.util.UriHelperTest" time="0"/>
  <testcase name="areSame_schemeCase" classname="hudson.plugins.tfs.util.UriHelperTest" time="0"/>
  <testcase name="join_uriNoSlash_pathComponents" classname="hudson.plugins.tfs.util.UriHelperTest" time="0"/>
  <testcase name="areSameGitRepo_differentProject" classname="hudson.plugins.tfs.util.UriHelperTest" time="0"/>
  <testcase name="areSameGitRepo_mixTeamServicesDefaultCollection" classname="hudson.plugins.tfs.util.UriHelperTest" time="0"/>
  <testcase name="join_noSlash_pathComponents" classname="hudson.plugins.tfs.util.UriHelperTest" time="0"/>
  <testcase name="areSame_sameInstance" classname="hudson.plugins.tfs.util.UriHelperTest" time="0"/>
  <testcase name="join_noSlash_queryString" classname="hudson.plugins.tfs.util.UriHelperTest" time="0"/>
  <testcase name="areSame_withPathQueryFragment" classname="hudson.plugins.tfs.util.UriHelperTest" time="0"/>
  <testcase name="areSameGitRepo_mixTfsDefaultCollection" classname="hudson.plugins.tfs.util.UriHelperTest" time="0"/>
  <testcase name="hasPath_hostSlash" classname="hudson.plugins.tfs.util.UriHelperTest" time="0"/>
  <testcase name="join_noSlash_pathAndQueryString" classname="hudson.plugins.tfs.util.UriHelperTest" time="0"/>
  <testcase name="areSame_differentHost" classname="hudson.plugins.tfs.util.UriHelperTest" time="0"/>
  <testcase name="areSame_differentPath" classname="hudson.plugins.tfs.util.UriHelperTest" time="0"/>
  <testcase name="areSame_differentPort" classname="hudson.plugins.tfs.util.UriHelperTest" time="0"/>
  <testcase name="hasPath_pathSlash" classname="hudson.plugins.tfs.util.UriHelperTest" time="0"/>
  <testcase name="areSame_differentFragmentAfterQuery" classname="hudson.plugins.tfs.util.UriHelperTest" time="0"/>
  <testcase name="areSame_bothNull" classname="hudson.plugins.tfs.util.UriHelperTest" time="0"/>
  <testcase name="join_urlEncoding" classname="hudson.plugins.tfs.util.UriHelperTest" time="0"/>
  <testcase name="areSameGitRepo_withoutDefaultCollection" classname="hudson.plugins.tfs.util.UriHelperTest" time="0"/>
  <testcase name="areSameGitRepo_teamServicesDifferentProtocols" classname="hudson.plugins.tfs.util.UriHelperTest" time="0"/>
  <testcase name="areSame_differentQuery" classname="hudson.plugins.tfs.util.UriHelperTest" time="0"/>
  <testcase name="areSame_implicitPort" classname="hudson.plugins.tfs.util.UriHelperTest" time="0"/>
  <testcase name="hasPath_hostOnly" classname="hudson.plugins.tfs.util.UriHelperTest" time="0"/>
  <testcase name="areSame_differentScheme" classname="hudson.plugins.tfs.util.UriHelperTest" time="0"/>
  <testcase name="areSameGitRepo_withDefaultCollection" classname="hudson.plugins.tfs.util.UriHelperTest" time="0"/>
  <testcase name="join_sampleApiCall" classname="hudson.plugins.tfs.util.UriHelperTest" time="0"/>
  <testcase name="areSame_oneNull" classname="hudson.plugins.tfs.util.UriHelperTest" time="0"/>
  <testcase name="areSameGitRepo_differentPorts" classname="hudson.plugins.tfs.util.UriHelperTest" time="0"/>
  <testcase name="join_withSlash_queryString" classname="hudson.plugins.tfs.util.UriHelperTest" time="0"/>
  <testcase name="areSame_withPathWithoutSlash" classname="hudson.plugins.tfs.util.UriHelperTest" time="0"/>
</testsuite>