<?xml version="1.0" encoding="UTF-8"?>
<testsuite xmlns:xsi="http://www.w3.org/2001/XMLSchema-instance" xsi:schemaLocation="https://maven.apache.org/surefire/maven-surefire-plugin/xsd/surefire-test-report.xsd" name="hudson.plugins.tfs.model.ServerIntegrationTest" time="180.042" tests="1" errors="1" skipped="0" failures="0">
  <properties>
[...]
</properties>
  <testcase name="canFindTfsSdkNativeLibraries" classname="hudson.plugins.tfs.model.ServerIntegrationTest" time="180.042">
    <error message="test timed out after 180 seconds" type="org.junit.runners.model.TestTimedOutException">org.junit.runners.model.TestTimedOutException: test timed out after 180 seconds
	at java.net.PlainSocketImpl.socketConnect(Native Method)
	at java.net.AbstractPlainSocketImpl.doConnect(AbstractPlainSocketImpl.java:350)
	at java.net.AbstractPlainSocketImpl.connectToAddress(AbstractPlainSocketImpl.java:206)
	at java.net.AbstractPlainSocketImpl.connect(AbstractPlainSocketImpl.java:188)
	at java.net.SocksSocketImpl.connect(SocksSocketImpl.java:392)
	at java.net.Socket.connect(Socket.java:589)
	at com.microsoft.tfs.core.httpclient.protocol.DefaultProtocolSocketFactory.createSocket(DefaultProtocolSocketFactory.java:138)
	at com.microsoft.tfs.core.httpclient.HttpConnection.open(HttpConnection.java:813)
	at com.microsoft.tfs.core.httpclient.MultiThreadedHttpConnectionManager$HttpConnectionAdapter.open(MultiThreadedHttpConnectionManager.java:1463)
	at com.microsoft.tfs.core.httpclient.HttpMethodDirector.executeWithRetry(HttpMethodDirector.java:418)
	at com.microsoft.tfs.core.httpclient.HttpMethodDirector.executeMethod(HttpMethodDirector.java:182)
	at com.microsoft.tfs.core.httpclient.HttpClient.executeMethod(HttpClient.java:428)
	at com.microsoft.tfs.core.httpclient.HttpClient.executeMethod(HttpClient.java:343)
	at com.microsoft.tfs.core.ws.runtime.client.SOAPService.executeSOAPRequestInternal(SOAPService.java:545)
	at com.microsoft.tfs.core.ws.runtime.client.SOAPService.executeSOAPRequest(SOAPService.java:444)
	at ms.tfs.services.registration._03._RegistrationSoap12Service.getRegistrationEntries(_RegistrationSoap12Service.java:106)
	at com.microsoft.tfs.core.clients.registration.RegistrationData.newFromServer(RegistrationData.java:58)
	at com.microsoft.tfs.core.clients.registration.RegistrationClient.getRegistrationData(RegistrationClient.java:617)
	at com.microsoft.tfs.core.clients.registration.RegistrationClient.getRegistrationEntries(RegistrationClient.java:144)
	at com.microsoft.tfs.core.clients.registration.RegistrationClient.getRegistrationEntries(RegistrationClient.java:129)
	at com.microsoft.tfs.core.PreFrameworkServerDataProvider.findServiceLocation(PreFrameworkServerDataProvider.java:275)
	at com.microsoft.tfs.core.PreFrameworkServerDataProvider.locationForCurrentConnection(PreFrameworkServerDataProvider.java:251)
	at com.microsoft.tfs.core.TFSTeamProjectCollection.getServerDataProvider(TFSTeamProjectCollection.java:172)
	at com.microsoft.tfs.core.TFSConnection.getWebService(TFSConnection.java:896)
	at com.microsoft.tfs.core.config.client.DefaultClientFactory$7.newClient(DefaultClientFactory.java:214)
	at com.microsoft.tfs.core.config.client.DefaultClientFactory.newClient(DefaultClientFactory.java:92)
	at com.microsoft.tfs.core.TFSConnection.getClient(TFSConnection.java:1459)
	at com.microsoft.tfs.core.TFSTeamProjectCollection.getVersionControlClient(TFSTeamProjectCollection.java:376)
	at hudson.plugins.tfs.model.Server.getVersionControlClient(Server.java:218)
	at hudson.plugins.tfs.model.ServerIntegrationTest.canFindTfsSdkNativeLibraries(ServerIntegrationTest.java:25)
	at sun.reflect.NativeMethodAccessorImpl.invoke0(Native Method)
	at sun.reflect.NativeMethodAccessorImpl.invoke(NativeMethodAccessorImpl.java:62)
	at sun.reflect.DelegatingMethodAccessorImpl.invoke(DelegatingMethodAccessorImpl.java:43)
	at java.lang.reflect.Method.invoke(Method.java:498)
	at org.junit.runners.model.FrameworkMethod$1.runReflectiveCall(FrameworkMethod.java:50)
	at org.junit.internal.runners.model.ReflectiveCallable.run(ReflectiveCallable.java:12)
	at org.junit.runners.model.FrameworkMethod.invokeExplosively(FrameworkMethod.java:47)
	at org.junit.internal.runners.statements.InvokeMethod.evaluate(InvokeMethod.java:17)
	at org.junit.internal.runners.statements.ExpectException.evaluate(ExpectException.java:19)
	at org.jvnet.hudson.test.JenkinsRule$1.evaluate(JenkinsRule.java:548)
	at org.junit.internal.runners.statements.FailOnTimeout$CallableStatement.call(FailOnTimeout.java:298)
	at org.junit.internal.runners.statements.FailOnTimeout$CallableStatement.call(FailOnTimeout.java:292)
	at java.util.concurrent.FutureTask.run(FutureTask.java:266)
	at java.lang.Thread.run(Thread.java:748)
</error>
    <system-out><![CDATA[=== Starting canFindTfsSdkNativeLibraries(hudson.plugins.tfs.model.ServerIntegrationTest)
]]></system-out>
    <system-err><![CDATA[   0.011 [id=161]	INFO	o.jvnet.hudson.test.JenkinsRule#createWebServer: Running on http://localhost:62169/jenkins/
   0.040 [id=167]	INFO	jenkins.InitReactorRunner$1#onAttained: Started initialization
   0.042 [id=179]	INFO	jenkins.InitReactorRunner$1#onAttained: Listed all plugins
   0.046 [id=178]	INFO	jenkins.InitReactorRunner$1#onAttained: Prepared all plugins
   0.050 [id=179]	INFO	jenkins.InitReactorRunner$1#onAttained: Started all plugins
   0.051 [id=179]	INFO	jenkins.InitReactorRunner$1#onAttained: Augmented all extensions
   1.138 [id=168]	INFO	jenkins.InitReactorRunner$1#onAttained: Loaded all jobs
   1.156 [id=175]	INFO	o.j.main.modules.sshd.SSHD#start: Started SSHD at port 62171
   1.156 [id=175]	INFO	jenkins.InitReactorRunner$1#onAttained: Completed initialization
   1.159 [id=199]	INFO	jenkins.InitReactorRunner$1#onAttained: Started initialization
   1.160 [id=202]	INFO	jenkins.InitReactorRunner$1#onAttained: Listed all plugins
   1.161 [id=204]	INFO	jenkins.InitReactorRunner$1#onAttained: Prepared all plugins
   1.161 [id=207]	INFO	jenkins.InitReactorRunner$1#onAttained: Started all plugins
   1.162 [id=211]	INFO	jenkins.InitReactorRunner$1#onAttained: Augmented all extensions
   1.162 [id=213]	INFO	jenkins.InitReactorRunner$1#onAttained: Loaded all jobs
   1.163 [id=213]	INFO	jenkins.InitReactorRunner$1#onAttained: Completed initialization
 180.006 [id=1]	WARNING	o.j.hudson.test.JenkinsRule$2#evaluate: Test timed out (after 180 seconds).
"Executing canFindTfsSdkNativeLibraries(hudson.plugins.tfs.model.ServerIntegrationTest)" Id=161 Group=FailOnTimeoutGroup RUNNABLE (in native)
	at java.net.PlainSocketImpl.socketConnect(Native Method)
	at java.net.AbstractPlainSocketImpl.doConnect(AbstractPlainSocketImpl.java:350)
	-  locked java.net.SocksSocketImpl@11e17893
	at java.net.AbstractPlainSocketImpl.connectToAddress(AbstractPlainSocketImpl.java:206)
	at java.net.AbstractPlainSocketImpl.connect(AbstractPlainSocketImpl.java:188)
	at java.net.SocksSocketImpl.connect(SocksSocketImpl.java:392)
	at java.net.Socket.connect(Socket.java:589)
	at com.microsoft.tfs.core.httpclient.protocol.DefaultProtocolSocketFactory.createSocket(DefaultProtocolSocketFactory.java:138)
	at com.microsoft.tfs.core.httpclient.HttpConnection.open(HttpConnection.java:813)
	at com.microsoft.tfs.core.httpclient.MultiThreadedHttpConnectionManager$HttpConnectionAdapter.open(MultiThreadedHttpConnectionManager.java:1463)
	at com.microsoft.tfs.core.httpclient.HttpMethodDirector.executeWithRetry(HttpMethodDirector.java:418)
	at com.microsoft.tfs.core.httpclient.HttpMethodDirector.executeMethod(HttpMethodDirector.java:182)
	at com.microsoft.tfs.core.httpclient.HttpClient.executeMethod(HttpClient.java:428)
	at com.microsoft.tfs.core.httpclient.HttpClient.executeMethod(HttpClient.java:343)
	at com.microsoft.tfs.core.ws.runtime.client.SOAPService.executeSOAPRequestInternal(SOAPService.java:545)
	at com.microsoft.tfs.core.ws.runtime.client.SOAPService.executeSOAPRequest(SOAPService.java:444)
	at ms.tfs.services.registration._03._RegistrationSoap12Service.getRegistrationEntries(_RegistrationSoap12Service.java:106)
	at com.microsoft.tfs.core.clients.registration.RegistrationData.newFromServer(RegistrationData.java:58)
	at com.microsoft.tfs.core.clients.registration.RegistrationClient.getRegistrationData(RegistrationClient.java:617)
	at com.microsoft.tfs.core.clients.registration.RegistrationClient.getRegistrationEntries(RegistrationClient.java:144)
	at com.microsoft.tfs.core.clients.registration.RegistrationClient.getRegistrationEntries(RegistrationClient.java:129)
	at com.microsoft.tfs.core.PreFrameworkServerDataProvider.findServiceLocation(PreFrameworkServerDataProvider.java:275)
	at com.microsoft.tfs.core.PreFrameworkServerDataProvider.locationForCurrentConnection(PreFrameworkServerDataProvider.java:251)
	at com.microsoft.tfs.core.TFSTeamProjectCollection.getServerDataProvider(TFSTeamProjectCollection.java:172)
	-  locked java.lang.Object@19eea77c
	at com.microsoft.tfs.core.TFSConnection.getWebService(TFSConnection.java:896)
	at com.microsoft.tfs.core.config.client.DefaultClientFactory$7.newClient(DefaultClientFactory.java:214)
	at com.microsoft.tfs.core.config.client.DefaultClientFactory.newClient(DefaultClientFactory.java:92)
	at com.microsoft.tfs.core.TFSConnection.getClient(TFSConnection.java:1459)
	-  locked java.lang.Object@6682e6a5
	at com.microsoft.tfs.core.TFSTeamProjectCollection.getVersionControlClient(TFSTeamProjectCollection.java:376)
	at hudson.plugins.tfs.model.Server.getVersionControlClient(Server.java:218)
	-  locked hudson.plugins.tfs.model.Server@ac4915e
	at hudson.plugins.tfs.model.ServerIntegrationTest.canFindTfsSdkNativeLibraries(ServerIntegrationTest.java:25)
	at sun.reflect.NativeMethodAccessorImpl.invoke0(Native Method)
	at sun.reflect.NativeMethodAccessorImpl.invoke(NativeMethodAccessorImpl.java:62)
	at sun.reflect.DelegatingMethodAccessorImpl.invoke(DelegatingMethodAccessorImpl.java:43)
	at java.lang.reflect.Method.invoke(Method.java:498)
	at org.junit.runners.model.FrameworkMethod$1.runReflectiveCall(FrameworkMethod.java:50)
	at org.junit.internal.runners.model.ReflectiveCallable.run(ReflectiveCallable.java:12)
	at org.junit.runners.model.FrameworkMethod.invokeExplosively(FrameworkMethod.java:47)
	at org.junit.internal.runners.statements.InvokeMethod.evaluate(InvokeMethod.java:17)
	at org.junit.internal.runners.statements.ExpectException.evaluate(ExpectException.java:19)
	at org.jvnet.hudson.test.JenkinsRule$1.evaluate(JenkinsRule.java:548)
	at org.junit.internal.runners.statements.FailOnTimeout$CallableStatement.call(FailOnTimeout.java:298)
	at org.junit.internal.runners.statements.FailOnTimeout$CallableStatement.call(FailOnTimeout.java:292)
	at java.util.concurrent.FutureTask.run(FutureTask.java:266)
	at java.lang.Thread.run(Thread.java:748)


"HTTP Method Canceller" Id=216 Group=FailOnTimeoutGroup TIMED_WAITING
	at java.lang.Thread.sleep(Native Method)
	at com.microsoft.tfs.core.ws.runtime.transport.HTTPConnectionCanceller.run(HTTPConnectionCanceller.java:116)


"Idle HTTP Connection Closer" Id=215 Group=FailOnTimeoutGroup TIMED_WAITING
	at java.lang.Thread.sleep(Native Method)
	at com.microsoft.tfs.core.ws.runtime.transport.IdleHTTPConnectionCloser.run(IdleHTTPConnectionCloser.java:143)


"Jenkins cron thread" Id=165 Group=FailOnTimeoutGroup WAITING on java.util.TaskQueue@30159886
	at java.lang.Object.wait(Native Method)
	-  waiting on java.util.TaskQueue@30159886
	at java.lang.Object.wait(Object.java:502)
	at java.util.TimerThread.mainLoop(Timer.java:526)
	at java.util.TimerThread.run(Timer.java:505)


"jenkins.util.Timer [#10]" Id=194 Group=FailOnTimeoutGroup WAITING on java.util.concurrent.locks.AbstractQueuedSynchronizer$ConditionObject@33de7f3d
	at sun.misc.Unsafe.park(Native Method)
	-  waiting on java.util.concurrent.locks.AbstractQueuedSynchronizer$ConditionObject@33de7f3d
	at java.util.concurrent.locks.LockSupport.park(LockSupport.java:175)
	at java.util.concurrent.locks.AbstractQueuedSynchronizer$ConditionObject.await(AbstractQueuedSynchronizer.java:2039)
	at java.util.concurrent.ScheduledThreadPoolExecutor$DelayedWorkQueue.take(ScheduledThreadPoolExecutor.java:1088)
	at java.util.concurrent.ScheduledThreadPoolExecutor$DelayedWorkQueue.take(ScheduledThreadPoolExecutor.java:809)
	at java.util.concurrent.ThreadPoolExecutor.getTask(ThreadPoolExecutor.java:1067)
	at java.util.concurrent.ThreadPoolExecutor.runWorker(ThreadPoolExecutor.java:1127)
	at java.util.concurrent.ThreadPoolExecutor$Worker.run(ThreadPoolExecutor.java:617)
	at java.lang.Thread.run(Thread.java:748)


"jenkins.util.Timer [#1]" Id=166 Group=FailOnTimeoutGroup WAITING on java.util.concurrent.locks.AbstractQueuedSynchronizer$ConditionObject@33de7f3d
	at sun.misc.Unsafe.park(Native Method)
	-  waiting on java.util.concurrent.locks.AbstractQueuedSynchronizer$ConditionObject@33de7f3d
	at java.util.concurrent.locks.LockSupport.park(LockSupport.java:175)
	at java.util.concurrent.locks.AbstractQueuedSynchronizer$ConditionObject.await(AbstractQueuedSynchronizer.java:2039)
	at java.util.concurrent.ScheduledThreadPoolExecutor$DelayedWorkQueue.take(ScheduledThreadPoolExecutor.java:1088)
	at java.util.concurrent.ScheduledThreadPoolExecutor$DelayedWorkQueue.take(ScheduledThreadPoolExecutor.java:809)
	at java.util.concurrent.ThreadPoolExecutor.getTask(ThreadPoolExecutor.java:1067)
	at java.util.concurrent.ThreadPoolExecutor.runWorker(ThreadPoolExecutor.java:1127)
	at java.util.concurrent.ThreadPoolExecutor$Worker.run(ThreadPoolExecutor.java:617)
	at java.lang.Thread.run(Thread.java:748)


"jenkins.util.Timer [#2]" Id=186 Group=FailOnTimeoutGroup WAITING on java.util.concurrent.locks.AbstractQueuedSynchronizer$ConditionObject@33de7f3d
	at sun.misc.Unsafe.park(Native Method)
	-  waiting on java.util.concurrent.locks.AbstractQueuedSynchronizer$ConditionObject@33de7f3d
	at java.util.concurrent.locks.LockSupport.park(LockSupport.java:175)
	at java.util.concurrent.locks.AbstractQueuedSynchronizer$ConditionObject.await(AbstractQueuedSynchronizer.java:2039)
	at java.util.concurrent.ScheduledThreadPoolExecutor$DelayedWorkQueue.take(ScheduledThreadPoolExecutor.java:1088)
	at java.util.concurrent.ScheduledThreadPoolExecutor$DelayedWorkQueue.take(ScheduledThreadPoolExecutor.java:809)
	at java.util.concurrent.ThreadPoolExecutor.getTask(ThreadPoolExecutor.java:1067)
	at java.util.concurrent.ThreadPoolExecutor.runWorker(ThreadPoolExecutor.java:1127)
	at java.util.concurrent.ThreadPoolExecutor$Worker.run(ThreadPoolExecutor.java:617)
	at java.lang.Thread.run(Thread.java:748)


"jenkins.util.Timer [#3]" Id=187 Group=FailOnTimeoutGroup WAITING on java.util.concurrent.locks.AbstractQueuedSynchronizer$ConditionObject@33de7f3d
	at sun.misc.Unsafe.park(Native Method)
	-  waiting on java.util.concurrent.locks.AbstractQueuedSynchronizer$ConditionObject@33de7f3d
	at java.util.concurrent.locks.LockSupport.park(LockSupport.java:175)
	at java.util.concurrent.locks.AbstractQueuedSynchronizer$ConditionObject.await(AbstractQueuedSynchronizer.java:2039)
	at java.util.concurrent.ScheduledThreadPoolExecutor$DelayedWorkQueue.take(ScheduledThreadPoolExecutor.java:1088)
	at java.util.concurrent.ScheduledThreadPoolExecutor$DelayedWorkQueue.take(ScheduledThreadPoolExecutor.java:809)
	at java.util.concurrent.ThreadPoolExecutor.getTask(ThreadPoolExecutor.java:1067)
	at java.util.concurrent.ThreadPoolExecutor.runWorker(ThreadPoolExecutor.java:1127)
	at java.util.concurrent.ThreadPoolExecutor$Worker.run(ThreadPoolExecutor.java:617)
	at java.lang.Thread.run(Thread.java:748)


"jenkins.util.Timer [#4]" Id=188 Group=FailOnTimeoutGroup TIMED_WAITING on java.util.concurrent.locks.AbstractQueuedSynchronizer$ConditionObject@33de7f3d
	at sun.misc.Unsafe.park(Native Method)
	-  waiting on java.util.concurrent.locks.AbstractQueuedSynchronizer$ConditionObject@33de7f3d
	at java.util.concurrent.locks.LockSupport.parkNanos(LockSupport.java:215)
	at java.util.concurrent.locks.AbstractQueuedSynchronizer$ConditionObject.awaitNanos(AbstractQueuedSynchronizer.java:2078)
	at java.util.concurrent.ScheduledThreadPoolExecutor$DelayedWorkQueue.take(ScheduledThreadPoolExecutor.java:1093)
	at java.util.concurrent.ScheduledThreadPoolExecutor$DelayedWorkQueue.take(ScheduledThreadPoolExecutor.java:809)
	at java.util.concurrent.ThreadPoolExecutor.getTask(ThreadPoolExecutor.java:1067)
	at java.util.concurrent.ThreadPoolExecutor.runWorker(ThreadPoolExecutor.java:1127)
	at java.util.concurrent.ThreadPoolExecutor$Worker.run(ThreadPoolExecutor.java:617)
	at java.lang.Thread.run(Thread.java:748)


"jenkins.util.Timer [#5]" Id=189 Group=FailOnTimeoutGroup WAITING on java.util.concurrent.locks.AbstractQueuedSynchronizer$ConditionObject@33de7f3d
	at sun.misc.Unsafe.park(Native Method)
	-  waiting on java.util.concurrent.locks.AbstractQueuedSynchronizer$ConditionObject@33de7f3d
	at java.util.concurrent.locks.LockSupport.park(LockSupport.java:175)
	at java.util.concurrent.locks.AbstractQueuedSynchronizer$ConditionObject.await(AbstractQueuedSynchronizer.java:2039)
	at java.util.concurrent.ScheduledThreadPoolExecutor$DelayedWorkQueue.take(ScheduledThreadPoolExecutor.java:1088)
	at java.util.concurrent.ScheduledThreadPoolExecutor$DelayedWorkQueue.take(ScheduledThreadPoolExecutor.java:809)
	at java.util.concurrent.ThreadPoolExecutor.getTask(ThreadPoolExecutor.java:1067)
	at java.util.concurrent.ThreadPoolExecutor.runWorker(ThreadPoolExecutor.java:1127)
	at java.util.concurrent.ThreadPoolExecutor$Worker.run(ThreadPoolExecutor.java:617)
	at java.lang.Thread.run(Thread.java:748)


"jenkins.util.Timer [#6]" Id=190 Group=FailOnTimeoutGroup WAITING on java.util.concurrent.locks.AbstractQueuedSynchronizer$ConditionObject@33de7f3d
	at sun.misc.Unsafe.park(Native Method)
	-  waiting on java.util.concurrent.locks.AbstractQueuedSynchronizer$ConditionObject@33de7f3d
	at java.util.concurrent.locks.LockSupport.park(LockSupport.java:175)
	at java.util.concurrent.locks.AbstractQueuedSynchronizer$ConditionObject.await(AbstractQueuedSynchronizer.java:2039)
	at java.util.concurrent.ScheduledThreadPoolExecutor$DelayedWorkQueue.take(ScheduledThreadPoolExecutor.java:1088)
	at java.util.concurrent.ScheduledThreadPoolExecutor$DelayedWorkQueue.take(ScheduledThreadPoolExecutor.java:809)
	at java.util.concurrent.ThreadPoolExecutor.getTask(ThreadPoolExecutor.java:1067)
	at java.util.concurrent.ThreadPoolExecutor.runWorker(ThreadPoolExecutor.java:1127)
	at java.util.concurrent.ThreadPoolExecutor$Worker.run(ThreadPoolExecutor.java:617)
	at java.lang.Thread.run(Thread.java:748)


"jenkins.util.Timer [#7]" Id=191 Group=FailOnTimeoutGroup WAITING on java.util.concurrent.locks.AbstractQueuedSynchronizer$ConditionObject@33de7f3d
	at sun.misc.Unsafe.park(Native Method)
	-  waiting on java.util.concurrent.locks.AbstractQueuedSynchronizer$ConditionObject@33de7f3d
	at java.util.concurrent.locks.LockSupport.park(LockSupport.java:175)
	at java.util.concurrent.locks.AbstractQueuedSynchronizer$ConditionObject.await(AbstractQueuedSynchronizer.java:2039)
	at java.util.concurrent.ScheduledThreadPoolExecutor$DelayedWorkQueue.take(ScheduledThreadPoolExecutor.java:1088)
	at java.util.concurrent.ScheduledThreadPoolExecutor$DelayedWorkQueue.take(ScheduledThreadPoolExecutor.java:809)
	at java.util.concurrent.ThreadPoolExecutor.getTask(ThreadPoolExecutor.java:1067)
	at java.util.concurrent.ThreadPoolExecutor.runWorker(ThreadPoolExecutor.java:1127)
	at java.util.concurrent.ThreadPoolExecutor$Worker.run(ThreadPoolExecutor.java:617)
	at java.lang.Thread.run(Thread.java:748)


"jenkins.util.Timer [#8]" Id=192 Group=FailOnTimeoutGroup WAITING on java.util.concurrent.locks.AbstractQueuedSynchronizer$ConditionObject@33de7f3d
	at sun.misc.Unsafe.park(Native Method)
	-  waiting on java.util.concurrent.locks.AbstractQueuedSynchronizer$ConditionObject@33de7f3d
	at java.util.concurrent.locks.LockSupport.park(LockSupport.java:175)
	at java.util.concurrent.locks.AbstractQueuedSynchronizer$ConditionObject.await(AbstractQueuedSynchronizer.java:2039)
	at java.util.concurrent.ScheduledThreadPoolExecutor$DelayedWorkQueue.take(ScheduledThreadPoolExecutor.java:1088)
	at java.util.concurrent.ScheduledThreadPoolExecutor$DelayedWorkQueue.take(ScheduledThreadPoolExecutor.java:809)
	at java.util.concurrent.ThreadPoolExecutor.getTask(ThreadPoolExecutor.java:1067)
	at java.util.concurrent.ThreadPoolExecutor.runWorker(ThreadPoolExecutor.java:1127)
	at java.util.concurrent.ThreadPoolExecutor$Worker.run(ThreadPoolExecutor.java:617)
	at java.lang.Thread.run(Thread.java:748)


"jenkins.util.Timer [#9]" Id=193 Group=FailOnTimeoutGroup WAITING on java.util.concurrent.locks.AbstractQueuedSynchronizer$ConditionObject@33de7f3d
	at sun.misc.Unsafe.park(Native Method)
	-  waiting on java.util.concurrent.locks.AbstractQueuedSynchronizer$ConditionObject@33de7f3d
	at java.util.concurrent.locks.LockSupport.park(LockSupport.java:175)
	at java.util.concurrent.locks.AbstractQueuedSynchronizer$ConditionObject.await(AbstractQueuedSynchronizer.java:2039)
	at java.util.concurrent.ScheduledThreadPoolExecutor$DelayedWorkQueue.take(ScheduledThreadPoolExecutor.java:1088)
	at java.util.concurrent.ScheduledThreadPoolExecutor$DelayedWorkQueue.take(ScheduledThreadPoolExecutor.java:809)
	at java.util.concurrent.ThreadPoolExecutor.getTask(ThreadPoolExecutor.java:1067)
	at java.util.concurrent.ThreadPoolExecutor.runWorker(ThreadPoolExecutor.java:1127)
	at java.util.concurrent.ThreadPoolExecutor$Worker.run(ThreadPoolExecutor.java:617)
	at java.lang.Thread.run(Thread.java:748)


"Jetty Thread Pool" Id=163 Group=FailOnTimeoutGroup RUNNABLE (in native)
	at sun.nio.ch.KQueueArrayWrapper.kevent0(Native Method)
	at sun.nio.ch.KQueueArrayWrapper.poll(KQueueArrayWrapper.java:198)
	at sun.nio.ch.KQueueSelectorImpl.doSelect(KQueueSelectorImpl.java:117)
	at sun.nio.ch.SelectorImpl.lockAndDoSelect(SelectorImpl.java:86)
	-  locked sun.nio.ch.Util$3@50f4b83d
	-  locked java.util.Collections$UnmodifiableSet@10131289
	-  locked sun.nio.ch.KQueueSelectorImpl@c5e69a5
	at sun.nio.ch.SelectorImpl.select(SelectorImpl.java:97)
	at sun.nio.ch.SelectorImpl.select(SelectorImpl.java:101)
	at org.eclipse.jetty.io.ManagedSelector$SelectorProducer.select(ManagedSelector.java:234)
	at org.eclipse.jetty.io.ManagedSelector$SelectorProducer.produce(ManagedSelector.java:187)
	at org.eclipse.jetty.util.thread.strategy.EatWhatYouKill.doProduce(EatWhatYouKill.java:211)
	at org.eclipse.jetty.util.thread.strategy.EatWhatYouKill.produce(EatWhatYouKill.java:126)
	at org.eclipse.jetty.io.ManagedSelector$$Lambda$9/1298380324.run(Unknown Source)
	at java.util.concurrent.Executors$RunnableAdapter.call(Executors.java:511)
	at java.util.concurrent.FutureTask.run(FutureTask.java:266)
	at java.util.concurrent.ThreadPoolExecutor.runWorker(ThreadPoolExecutor.java:1142)
	at java.util.concurrent.ThreadPoolExecutor$Worker.run(ThreadPoolExecutor.java:617)
	at java.lang.Thread.run(Thread.java:748)

	Number of locked synchronizers = 1
	- java.util.concurrent.ThreadPoolExecutor$Worker@7ed11ea5


"Jetty Thread Pool-acceptor-0@48135422-ServerConnector@46d4b350{HTTP/1.1,[http/1.1]}{localhost:62169}" Id=164 Group=FailOnTimeoutGroup RUNNABLE (in native)
	at sun.nio.ch.ServerSocketChannelImpl.accept0(Native Method)
	at sun.nio.ch.ServerSocketChannelImpl.accept(ServerSocketChannelImpl.java:422)
	at sun.nio.ch.ServerSocketChannelImpl.accept(ServerSocketChannelImpl.java:250)
	-  locked java.lang.Object@5d66ae3a
	at org.eclipse.jetty.server.ServerConnector.accept(ServerConnector.java:352)
	at org.eclipse.jetty.server.AbstractConnector$Acceptor.run(AbstractConnector.java:603)
	at java.util.concurrent.Executors$RunnableAdapter.call(Executors.java:511)
	at java.util.concurrent.FutureTask.run(FutureTask.java:266)
	at java.util.concurrent.ThreadPoolExecutor.runWorker(ThreadPoolExecutor.java:1142)
	at java.util.concurrent.ThreadPoolExecutor$Worker.run(ThreadPoolExecutor.java:617)
	at java.lang.Thread.run(Thread.java:748)

	Number of locked synchronizers = 1
	- java.util.concurrent.ThreadPoolExecutor$Worker@4f3f4a78


"MultiThreadedHttpConnectionManager cleanup" Id=217 Group=FailOnTimeoutGroup WAITING on java.lang.ref.ReferenceQueue$Lock@5e67a490
	at java.lang.Object.wait(Native Method)
	-  waiting on java.lang.ref.ReferenceQueue$Lock@5e67a490
	at java.lang.ref.ReferenceQueue.remove(ReferenceQueue.java:143)
	at java.lang.ref.ReferenceQueue.remove(ReferenceQueue.java:164)
	at com.microsoft.tfs.core.httpclient.MultiThreadedHttpConnectionManager$ReferenceQueueThread.run(MultiThreadedHttpConnectionManager.java:1199)


"NioSocketAcceptor-3" Id=195 Group=FailOnTimeoutGroup RUNNABLE (in native)
	at sun.nio.ch.KQueueArrayWrapper.kevent0(Native Method)
	at sun.nio.ch.KQueueArrayWrapper.poll(KQueueArrayWrapper.java:198)
	at sun.nio.ch.KQueueSelectorImpl.doSelect(KQueueSelectorImpl.java:117)
	at sun.nio.ch.SelectorImpl.lockAndDoSelect(SelectorImpl.java:86)
	-  locked sun.nio.ch.Util$3@38c761e9
	-  locked java.util.Collections$UnmodifiableSet@1cee2e10
	-  locked sun.nio.ch.KQueueSelectorImpl@7f4e5a39
	at sun.nio.ch.SelectorImpl.select(SelectorImpl.java:97)
	at sun.nio.ch.SelectorImpl.select(SelectorImpl.java:101)
	at org.apache.mina.transport.socket.nio.NioSocketAcceptor.select(NioSocketAcceptor.java:238)
	at org.apache.mina.core.polling.AbstractPollingIoAcceptor$Acceptor.run(AbstractPollingIoAcceptor.java:432)
	at org.apache.mina.util.NamePreservingRunnable.run(NamePreservingRunnable.java:64)
	at java.util.concurrent.ThreadPoolExecutor.runWorker(ThreadPoolExecutor.java:1142)
	at java.util.concurrent.ThreadPoolExecutor$Worker.run(ThreadPoolExecutor.java:617)
	at java.lang.Thread.run(Thread.java:748)

	Number of locked synchronizers = 1
	- java.util.concurrent.ThreadPoolExecutor$Worker@bcb98


"Scheduler-1237261315" Id=162 Group=FailOnTimeoutGroup TIMED_WAITING on java.util.concurrent.locks.AbstractQueuedSynchronizer$ConditionObject@64a1116a
	at sun.misc.Unsafe.park(Native Method)
	-  waiting on java.util.concurrent.locks.AbstractQueuedSynchronizer$ConditionObject@64a1116a
	at java.util.concurrent.locks.LockSupport.parkNanos(LockSupport.java:215)
	at java.util.concurrent.locks.AbstractQueuedSynchronizer$ConditionObject.awaitNanos(AbstractQueuedSynchronizer.java:2078)
	at java.util.concurrent.ScheduledThreadPoolExecutor$DelayedWorkQueue.take(ScheduledThreadPoolExecutor.java:1093)
	at java.util.concurrent.ScheduledThreadPoolExecutor$DelayedWorkQueue.take(ScheduledThreadPoolExecutor.java:809)
	at java.util.concurrent.ThreadPoolExecutor.getTask(ThreadPoolExecutor.java:1067)
	at java.util.concurrent.ThreadPoolExecutor.runWorker(ThreadPoolExecutor.java:1127)
	at java.util.concurrent.ThreadPoolExecutor$Worker.run(ThreadPoolExecutor.java:617)
	at java.lang.Thread.run(Thread.java:748)


"TCP slave agent listener port=0" Id=196 Group=FailOnTimeoutGroup RUNNABLE (in native)
	at sun.nio.ch.ServerSocketChannelImpl.accept0(Native Method)
	at sun.nio.ch.ServerSocketChannelImpl.accept(ServerSocketChannelImpl.java:422)
	at sun.nio.ch.ServerSocketChannelImpl.accept(ServerSocketChannelImpl.java:250)
	-  locked java.lang.Object@2dac2e1b
	at hudson.TcpSlaveAgentListener.run(TcpSlaveAgentListener.java:95)


"hudson.plugins.tfs.model.ChangeLogSetIntegrationTest.main" Id=1 Group=main RUNNABLE
	at sun.management.ThreadImpl.dumpThreads0(Native Method)
	at sun.management.ThreadImpl.dumpAllThreads(ThreadImpl.java:454)
	at hudson.Functions.getThreadInfos(Functions.java:1190)
	at org.jvnet.hudson.test.JenkinsRule.dumpThreads(JenkinsRule.java:448)
	at org.jvnet.hudson.test.JenkinsRule.access$100(JenkinsRule.java:252)
	at org.jvnet.hudson.test.JenkinsRule$2.evaluate(JenkinsRule.java:583)
	at org.junit.rules.RunRules.evaluate(RunRules.java:20)
	at org.junit.runners.ParentRunner.runLeaf(ParentRunner.java:325)
	at org.junit.runners.BlockJUnit4ClassRunner.runChild(BlockJUnit4ClassRunner.java:78)
	at org.junit.runners.BlockJUnit4ClassRunner.runChild(BlockJUnit4ClassRunner.java:57)
	at org.junit.runners.ParentRunner$3.run(ParentRunner.java:290)
	at org.junit.runners.ParentRunner$1.schedule(ParentRunner.java:71)
	at org.junit.runners.ParentRunner.runChildren(ParentRunner.java:288)
	at org.junit.runners.ParentRunner.access$000(ParentRunner.java:58)
	at org.junit.runners.ParentRunner$2.evaluate(ParentRunner.java:268)
	at org.junit.runners.ParentRunner.run(ParentRunner.java:363)
	at org.junit.runners.Suite.runChild(Suite.java:128)
	at org.junit.runners.Suite.runChild(Suite.java:27)
	at org.junit.runners.ParentRunner$3.run(ParentRunner.java:290)
	at org.junit.runners.ParentRunner$1.schedule(ParentRunner.java:71)
	at org.junit.runners.ParentRunner.runChildren(ParentRunner.java:288)
	at org.junit.runners.ParentRunner.access$000(ParentRunner.java:58)
	at org.junit.runners.ParentRunner$2.evaluate(ParentRunner.java:268)
	at org.junit.runners.ParentRunner.run(ParentRunner.java:363)
	at org.apache.maven.surefire.junitcore.JUnitCore.run(JUnitCore.java:55)
	at org.apache.maven.surefire.junitcore.JUnitCoreWrapper.createRequestAndRun(JUnitCoreWrapper.java:137)
	at org.apache.maven.surefire.junitcore.JUnitCoreWrapper.executeEager(JUnitCoreWrapper.java:107)
	at org.apache.maven.surefire.junitcore.JUnitCoreWrapper.execute(JUnitCoreWrapper.java:83)
	at org.apache.maven.surefire.junitcore.JUnitCoreWrapper.execute(JUnitCoreWrapper.java:75)
	at org.apache.maven.surefire.junitcore.JUnitCoreProvider.invoke(JUnitCoreProvider.java:161)
	at org.apache.maven.surefire.booter.ForkedBooter.invokeProviderInSameClassLoader(ForkedBooter.java:290)
	at org.apache.maven.surefire.booter.ForkedBooter.runSuitesInProcess(ForkedBooter.java:242)
	at org.apache.maven.surefire.booter.ForkedBooter.main(ForkedBooter.java:121)


"last-ditch-daemon-shutdown-thread-30sec" Id=10 Group=main TIMED_WAITING on java.util.concurrent.locks.AbstractQueuedSynchronizer$ConditionObject@7d47dfed
	at sun.misc.Unsafe.park(Native Method)
	-  waiting on java.util.concurrent.locks.AbstractQueuedSynchronizer$ConditionObject@7d47dfed
	at java.util.concurrent.locks.LockSupport.parkNanos(LockSupport.java:215)
	at java.util.concurrent.locks.AbstractQueuedSynchronizer$ConditionObject.awaitNanos(AbstractQueuedSynchronizer.java:2078)
	at java.util.concurrent.ScheduledThreadPoolExecutor$DelayedWorkQueue.take(ScheduledThreadPoolExecutor.java:1093)
	at java.util.concurrent.ScheduledThreadPoolExecutor$DelayedWorkQueue.take(ScheduledThreadPoolExecutor.java:809)
	at java.util.concurrent.ThreadPoolExecutor.getTask(ThreadPoolExecutor.java:1067)
	at java.util.concurrent.ThreadPoolExecutor.runWorker(ThreadPoolExecutor.java:1127)
	at java.util.concurrent.ThreadPoolExecutor$Worker.run(ThreadPoolExecutor.java:617)
	at java.lang.Thread.run(Thread.java:748)


"qtp2006835220-71" Id=71 Group=main RUNNABLE (in native)
	at sun.nio.ch.KQueueArrayWrapper.kevent0(Native Method)
	at sun.nio.ch.KQueueArrayWrapper.poll(KQueueArrayWrapper.java:198)
	at sun.nio.ch.KQueueSelectorImpl.doSelect(KQueueSelectorImpl.java:117)
	at sun.nio.ch.SelectorImpl.lockAndDoSelect(SelectorImpl.java:86)
	-  locked sun.nio.ch.Util$3@28b458e6
	-  locked java.util.Collections$UnmodifiableSet@221ca495
	-  locked sun.nio.ch.KQueueSelectorImpl@119d4443
	at sun.nio.ch.SelectorImpl.select(SelectorImpl.java:97)
	at sun.nio.ch.SelectorImpl.select(SelectorImpl.java:101)
	at org.eclipse.jetty.io.ManagedSelector$SelectorProducer.select(ManagedSelector.java:234)
	at org.eclipse.jetty.io.ManagedSelector$SelectorProducer.produce(ManagedSelector.java:187)
	at org.eclipse.jetty.util.thread.strategy.EatWhatYouKill.doProduce(EatWhatYouKill.java:211)
	at org.eclipse.jetty.util.thread.strategy.EatWhatYouKill.produce(EatWhatYouKill.java:126)
	at org.eclipse.jetty.io.ManagedSelector$$Lambda$9/1298380324.run(Unknown Source)
	at org.eclipse.jetty.util.thread.QueuedThreadPool.runJob(QueuedThreadPool.java:672)
	at org.eclipse.jetty.util.thread.QueuedThreadPool$2.run(QueuedThreadPool.java:590)
	at java.lang.Thread.run(Thread.java:748)


"qtp2006835220-72" Id=72 Group=main RUNNABLE (in native)
	at sun.nio.ch.KQueueArrayWrapper.kevent0(Native Method)
	at sun.nio.ch.KQueueArrayWrapper.poll(KQueueArrayWrapper.java:198)
	at sun.nio.ch.KQueueSelectorImpl.doSelect(KQueueSelectorImpl.java:117)
	at sun.nio.ch.SelectorImpl.lockAndDoSelect(SelectorImpl.java:86)
	-  locked sun.nio.ch.Util$3@537b3b2e
	-  locked java.util.Collections$UnmodifiableSet@1544ded3
	-  locked sun.nio.ch.KQueueSelectorImpl@3ccb12d
	at sun.nio.ch.SelectorImpl.select(SelectorImpl.java:97)
	at sun.nio.ch.SelectorImpl.select(SelectorImpl.java:101)
	at org.eclipse.jetty.io.ManagedSelector$SelectorProducer.select(ManagedSelector.java:234)
	at org.eclipse.jetty.io.ManagedSelector$SelectorProducer.produce(ManagedSelector.java:187)
	at org.eclipse.jetty.util.thread.strategy.EatWhatYouKill.doProduce(EatWhatYouKill.java:211)
	at org.eclipse.jetty.util.thread.strategy.EatWhatYouKill.produce(EatWhatYouKill.java:126)
	at org.eclipse.jetty.io.ManagedSelector$$Lambda$9/1298380324.run(Unknown Source)
	at org.eclipse.jetty.util.thread.QueuedThreadPool.runJob(QueuedThreadPool.java:672)
	at org.eclipse.jetty.util.thread.QueuedThreadPool$2.run(QueuedThreadPool.java:590)
	at java.lang.Thread.run(Thread.java:748)


"qtp2006835220-73" Id=73 Group=main RUNNABLE (in native)
	at sun.nio.ch.KQueueArrayWrapper.kevent0(Native Method)
	at sun.nio.ch.KQueueArrayWrapper.poll(KQueueArrayWrapper.java:198)
	at sun.nio.ch.KQueueSelectorImpl.doSelect(KQueueSelectorImpl.java:117)
	at sun.nio.ch.SelectorImpl.lockAndDoSelect(SelectorImpl.java:86)
	-  locked sun.nio.ch.Util$3@2bcda694
	-  locked java.util.Collections$UnmodifiableSet@2cc75b25
	-  locked sun.nio.ch.KQueueSelectorImpl@30036a18
	at sun.nio.ch.SelectorImpl.select(SelectorImpl.java:97)
	at sun.nio.ch.SelectorImpl.select(SelectorImpl.java:101)
	at org.eclipse.jetty.io.ManagedSelector$SelectorProducer.select(ManagedSelector.java:234)
	at org.eclipse.jetty.io.ManagedSelector$SelectorProducer.produce(ManagedSelector.java:187)
	at org.eclipse.jetty.util.thread.strategy.EatWhatYouKill.doProduce(EatWhatYouKill.java:211)
	at org.eclipse.jetty.util.thread.strategy.EatWhatYouKill.produce(EatWhatYouKill.java:126)
	at org.eclipse.jetty.io.ManagedSelector$$Lambda$9/1298380324.run(Unknown Source)
	at org.eclipse.jetty.util.thread.QueuedThreadPool.runJob(QueuedThreadPool.java:672)
	at org.eclipse.jetty.util.thread.QueuedThreadPool$2.run(QueuedThreadPool.java:590)
	at java.lang.Thread.run(Thread.java:748)


"qtp2006835220-74" Id=74 Group=main RUNNABLE (in native)
	at sun.nio.ch.KQueueArrayWrapper.kevent0(Native Method)
	at sun.nio.ch.KQueueArrayWrapper.poll(KQueueArrayWrapper.java:198)
	at sun.nio.ch.KQueueSelectorImpl.doSelect(KQueueSelectorImpl.java:117)
	at sun.nio.ch.SelectorImpl.lockAndDoSelect(SelectorImpl.java:86)
	-  locked sun.nio.ch.Util$3@23648d2d
	-  locked java.util.Collections$UnmodifiableSet@69feb4d9
	-  locked sun.nio.ch.KQueueSelectorImpl@37c1cfa
	at sun.nio.ch.SelectorImpl.select(SelectorImpl.java:97)
	at sun.nio.ch.SelectorImpl.select(SelectorImpl.java:101)
	at org.eclipse.jetty.io.ManagedSelector$SelectorProducer.select(ManagedSelector.java:234)
	at org.eclipse.jetty.io.ManagedSelector$SelectorProducer.produce(ManagedSelector.java:187)
	at org.eclipse.jetty.util.thread.strategy.EatWhatYouKill.doProduce(EatWhatYouKill.java:211)
	at org.eclipse.jetty.util.thread.strategy.EatWhatYouKill.produce(EatWhatYouKill.java:126)
	at org.eclipse.jetty.io.ManagedSelector$$Lambda$9/1298380324.run(Unknown Source)
	at org.eclipse.jetty.util.thread.QueuedThreadPool.runJob(QueuedThreadPool.java:672)
	at org.eclipse.jetty.util.thread.QueuedThreadPool$2.run(QueuedThreadPool.java:590)
	at java.lang.Thread.run(Thread.java:748)


"qtp2006835220-75-acceptor-0@4a49530-ServerConnector@6fe46b62{HTTP/1.1,[http/1.1]}{0.0.0.0:62155}" Id=75 Group=main RUNNABLE (in native)
	at sun.nio.ch.ServerSocketChannelImpl.accept0(Native Method)
	at sun.nio.ch.ServerSocketChannelImpl.accept(ServerSocketChannelImpl.java:422)
	at sun.nio.ch.ServerSocketChannelImpl.accept(ServerSocketChannelImpl.java:250)
	-  locked java.lang.Object@d84b3a2
	at org.eclipse.jetty.server.ServerConnector.accept(ServerConnector.java:352)
	at org.eclipse.jetty.server.AbstractConnector$Acceptor.run(AbstractConnector.java:603)
	at org.eclipse.jetty.util.thread.QueuedThreadPool.runJob(QueuedThreadPool.java:672)
	at org.eclipse.jetty.util.thread.QueuedThreadPool$2.run(QueuedThreadPool.java:590)
	at java.lang.Thread.run(Thread.java:748)


"qtp2006835220-76" Id=76 Group=main TIMED_WAITING on java.util.concurrent.locks.AbstractQueuedSynchronizer$ConditionObject@7cc2c551
	at sun.misc.Unsafe.park(Native Method)
	-  waiting on java.util.concurrent.locks.AbstractQueuedSynchronizer$ConditionObject@7cc2c551
	at java.util.concurrent.locks.LockSupport.parkNanos(LockSupport.java:215)
	at java.util.concurrent.locks.AbstractQueuedSynchronizer$ConditionObject.awaitNanos(AbstractQueuedSynchronizer.java:2078)
	at org.eclipse.jetty.util.BlockingArrayQueue.poll(BlockingArrayQueue.java:392)
	at org.eclipse.jetty.util.thread.QueuedThreadPool.idleJobPoll(QueuedThreadPool.java:564)
	at org.eclipse.jetty.util.thread.QueuedThreadPool.access$800(QueuedThreadPool.java:49)
	at org.eclipse.jetty.util.thread.QueuedThreadPool$2.run(QueuedThreadPool.java:627)
	at java.lang.Thread.run(Thread.java:748)


"qtp2006835220-77" Id=77 Group=main TIMED_WAITING on java.util.concurrent.locks.AbstractQueuedSynchronizer$ConditionObject@7cc2c551
	at sun.misc.Unsafe.park(Native Method)
	-  waiting on java.util.concurrent.locks.AbstractQueuedSynchronizer$ConditionObject@7cc2c551
	at java.util.concurrent.locks.LockSupport.parkNanos(LockSupport.java:215)
	at java.util.concurrent.locks.AbstractQueuedSynchronizer$ConditionObject.awaitNanos(AbstractQueuedSynchronizer.java:2078)
	at org.eclipse.jetty.util.BlockingArrayQueue.poll(BlockingArrayQueue.java:392)
	at org.eclipse.jetty.util.thread.QueuedThreadPool.idleJobPoll(QueuedThreadPool.java:564)
	at org.eclipse.jetty.util.thread.QueuedThreadPool.access$800(QueuedThreadPool.java:49)
	at org.eclipse.jetty.util.thread.QueuedThreadPool$2.run(QueuedThreadPool.java:627)
	at java.lang.Thread.run(Thread.java:748)


"qtp2006835220-78" Id=78 Group=main TIMED_WAITING on java.util.concurrent.locks.AbstractQueuedSynchronizer$ConditionObject@7cc2c551
	at sun.misc.Unsafe.park(Native Method)
	-  waiting on java.util.concurrent.locks.AbstractQueuedSynchronizer$ConditionObject@7cc2c551
	at java.util.concurrent.locks.LockSupport.parkNanos(LockSupport.java:215)
	at java.util.concurrent.locks.AbstractQueuedSynchronizer$ConditionObject.awaitNanos(AbstractQueuedSynchronizer.java:2078)
	at org.eclipse.jetty.util.BlockingArrayQueue.poll(BlockingArrayQueue.java:392)
	at org.eclipse.jetty.util.thread.QueuedThreadPool.idleJobPoll(QueuedThreadPool.java:564)
	at org.eclipse.jetty.util.thread.QueuedThreadPool.access$800(QueuedThreadPool.java:49)
	at org.eclipse.jetty.util.thread.QueuedThreadPool$2.run(QueuedThreadPool.java:627)
	at java.lang.Thread.run(Thread.java:748)


"Scheduler-1397530667" Id=79 Group=main TIMED_WAITING on java.util.concurrent.locks.AbstractQueuedSynchronizer$ConditionObject@10fb4575
	at sun.misc.Unsafe.park(Native Method)
	-  waiting on java.util.concurrent.locks.AbstractQueuedSynchronizer$ConditionObject@10fb4575
	at java.util.concurrent.locks.LockSupport.parkNanos(LockSupport.java:215)
	at java.util.concurrent.locks.AbstractQueuedSynchronizer$ConditionObject.awaitNanos(AbstractQueuedSynchronizer.java:2078)
	at java.util.concurrent.ScheduledThreadPoolExecutor$DelayedWorkQueue.take(ScheduledThreadPoolExecutor.java:1093)
	at java.util.concurrent.ScheduledThreadPoolExecutor$DelayedWorkQueue.take(ScheduledThreadPoolExecutor.java:809)
	at java.util.concurrent.ThreadPoolExecutor.getTask(ThreadPoolExecutor.java:1067)
	at java.util.concurrent.ThreadPoolExecutor.runWorker(ThreadPoolExecutor.java:1127)
	at java.util.concurrent.ThreadPoolExecutor$Worker.run(ThreadPoolExecutor.java:617)
	at java.lang.Thread.run(Thread.java:748)


"surefire-forkedjvm-command-thread" Id=11 Group=main RUNNABLE (in native)
	at java.io.FileInputStream.readBytes(Native Method)
	at java.io.FileInputStream.read(FileInputStream.java:255)
	at java.io.BufferedInputStream.fill(BufferedInputStream.java:246)
	at java.io.BufferedInputStream.read(BufferedInputStream.java:265)
	-  locked java.io.BufferedInputStream@773eca84
	at java.io.DataInputStream.readInt(DataInputStream.java:387)
	at org.apache.maven.surefire.booter.MasterProcessCommand.decode(MasterProcessCommand.java:117)
	at org.apache.maven.surefire.booter.CommandReader$CommandRunnable.run(CommandReader.java:360)
	at java.lang.Thread.run(Thread.java:748)


"AWT-AppKit" Id=20 Group=system RUNNABLE (in native)


"Finalizer" Id=3 Group=system WAITING on java.lang.ref.ReferenceQueue$Lock@3a38e4dc
	at java.lang.Object.wait(Native Method)
	-  waiting on java.lang.ref.ReferenceQueue$Lock@3a38e4dc
	at java.lang.ref.ReferenceQueue.remove(ReferenceQueue.java:143)
	at java.lang.ref.ReferenceQueue.remove(ReferenceQueue.java:164)
	at java.lang.ref.Finalizer$FinalizerThread.run(Finalizer.java:209)


"Reference Handler" Id=2 Group=system WAITING on java.lang.ref.Reference$Lock@41fc0084
	at java.lang.Object.wait(Native Method)
	-  waiting on java.lang.ref.Reference$Lock@41fc0084
	at java.lang.Object.wait(Object.java:502)
	at java.lang.ref.Reference.tryHandlePending(Reference.java:191)
	at java.lang.ref.Reference$ReferenceHandler.run(Reference.java:153)


"Signal Dispatcher" Id=4 Group=system RUNNABLE


]]></system-err>
  </testcase>
</testsuite>