<?xml version="1.0" encoding="UTF-8"?>
<testsuite xmlns:xsi="http://www.w3.org/2001/XMLSchema-instance" xsi:schemaLocation="https://maven.apache.org/surefire/maven-surefire-plugin/xsd/surefire-test-report.xsd" name="hudson.plugins.tfs.TeamFoundationServerScmTest" time="0.272" tests="36" errors="0" skipped="0" failures="0">
  <properties>
[...]
</properties>
  <testcase name="assertDoWorkspaceNameCheckRegexWorks" classname="hudson.plugins.tfs.TeamFoundationServerScmTest" time="0"/>
  <testcase name="assertServerUrlIsAddedToEnvVars" classname="hudson.plugins.tfs.TeamFoundationServerScmTest" time="0.13"/>
  <testcase name="assertProjectPathResolvesBuildVariables" classname="hudson.plugins.tfs.TeamFoundationServerScmTest" time="0.011"/>
  <testcase name="upgradeFromScrambledPassword" classname="hudson.plugins.tfs.TeamFoundationServerScmTest" time="0.016"/>
  <testcase name="recordWorkspaceChangesetVersion" classname="hudson.plugins.tfs.TeamFoundationServerScmTest" time="0.04"/>
  <testcase name="assertProjectPathIsAddedToEnvVars" classname="hudson.plugins.tfs.TeamFoundationServerScmTest" time="0"/>
  <testcase name="assertTeamServicesBuildVariablesAreAddedToEnvVars" classname="hudson.plugins.tfs.TeamFoundationServerScmTest" time="0.035"/>
  <testcase name="recordWorkspaceChangesetVersionWithSingleVersionSpec" classname="hudson.plugins.tfs.TeamFoundationServerScmTest" time="0.004"/>
  <testcase name="assertTfsWorkspaceIsntRemovedIfThereIsNoBuildWhenProcessWorkspaceBeforeDeletion" classname="hudson.plugins.tfs.TeamFoundationServerScmTest" time="0.012"/>
  <testcase name="assertWorkspaceNameReplacesEndingPeriod" classname="hudson.plugins.tfs.TeamFoundationServerScmTest" time="0"/>
  <testcase name="assertTfsUserNameIsAddedToEnvVars" classname="hudson.plugins.tfs.TeamFoundationServerScmTest" time="0"/>
  <testcase name="serializeCloakedPathCollectionToString_many" classname="hudson.plugins.tfs.TeamFoundationServerScmTest" time="0"/>
  <testcase name="assertTfsWorkspaceChangesetIsNotAddedToEnvVarsIfEmpty" classname="hudson.plugins.tfs.TeamFoundationServerScmTest" time="0"/>
  <testcase name="assertTfsWorkspaceChangesetIsNotAddedToEnvVarsIfNull" classname="hudson.plugins.tfs.TeamFoundationServerScmTest" time="0"/>
  <testcase name="assertServerUrlResolvesBuildVariables" classname="hudson.plugins.tfs.TeamFoundationServerScmTest" time="0"/>
  <testcase name="assertWorkspaceNameReplacesJobName" classname="hudson.plugins.tfs.TeamFoundationServerScmTest" time="0.012"/>
  <testcase name="splitCloakedPaths_newlinesWithBlankLines" classname="hudson.plugins.tfs.TeamFoundationServerScmTest" time="0"/>
  <testcase name="assertWorkspaceNameIsAddedToEnvVars" classname="hudson.plugins.tfs.TeamFoundationServerScmTest" time="0.001"/>
  <testcase name="assertCloakedPathsCheckRegexWorks" classname="hudson.plugins.tfs.TeamFoundationServerScmTest" time="0"/>
  <testcase name="splitCloakedPaths_one" classname="hudson.plugins.tfs.TeamFoundationServerScmTest" time="0"/>
  <testcase name="serializeCloakedPathCollectionToString_one" classname="hudson.plugins.tfs.TeamFoundationServerScmTest" time="0.002"/>
  <testcase name="serializeCloakedPathCollectionToString_two" classname="hudson.plugins.tfs.TeamFoundationServerScmTest" time="0"/>
  <testcase name="assertDoProjectPathCheckRegexWorks" classname="hudson.plugins.tfs.TeamFoundationServerScmTest" time="0"/>
  <testcase name="assertDefaultValueIsUsedForEmptyLocalPath" classname="hudson.plugins.tfs.TeamFoundationServerScmTest" time="0"/>
  <testcase name="assertDefaultValueIsUsedForNullLocalPath" classname="hudson.plugins.tfs.TeamFoundationServerScmTest" time="0"/>
  <testcase name="assertWorkspaceNameResolvesBuildVariables" classname="hudson.plugins.tfs.TeamFoundationServerScmTest" time="0.001"/>
  <testcase name="assertDefaultValueIsUsedForEmptyWorkspaceName" classname="hudson.plugins.tfs.TeamFoundationServerScmTest" time="0"/>
  <testcase name="assertWorkspaceNameReplacesInvalidChars" classname="hudson.plugins.tfs.TeamFoundationServerScmTest" time="0"/>
  <testcase name="assertGetModuleRootWorksForDotWorkFolder" classname="hudson.plugins.tfs.TeamFoundationServerScmTest" time="0.002"/>
  <testcase name="assertWorksfolderPathIsAddedToEnvVars" classname="hudson.plugins.tfs.TeamFoundationServerScmTest" time="0"/>
  <testcase name="assertWorkspaceIsntRemoveIfThereIsNoBuildOnSpecifiedNodeAndHudsonWantsToRemoveWorkspaceOnNode" classname="hudson.plugins.tfs.TeamFoundationServerScmTest" time="0.001"/>
  <testcase name="splitCloakedPaths_newlinesMany" classname="hudson.plugins.tfs.TeamFoundationServerScmTest" time="0"/>
  <testcase name="splitCloakedPaths_newlinesWithLiberalSpacing" classname="hudson.plugins.tfs.TeamFoundationServerScmTest" time="0.001"/>
  <testcase name="assertGetModuleRootReturnsWorkFolder" classname="hudson.plugins.tfs.TeamFoundationServerScmTest" time="0"/>
  <testcase name="assertWorkspaceNameReplacesEndingSpace" classname="hudson.plugins.tfs.TeamFoundationServerScmTest" time="0.001"/>
  <testcase name="assertTfsWorkspaceChangesetIsAddedToEnvVars" classname="hudson.plugins.tfs.TeamFoundationServerScmTest" time="0"/>
</testsuite>